<?xml version="1.0" encoding="UTF-8"?>
<testng-results ignored="0" total="1" passed="1" failed="0" skipped="0">
  <reporter-output>
  </reporter-output>
  <suite started-at="2023-03-13T12:07:18 IST" name="Default suite" finished-at="2023-03-13T12:07:32 IST" duration-ms="14215">
    <groups>
    </groups>
    <test started-at="2023-03-13T12:07:18 IST" name="Default test" finished-at="2023-03-13T12:07:32 IST" duration-ms="14215">
      <class name="com.headless.HeadlessusingCSSSelector">
        <test-method signature="headLess()[pri:0, instance:com.headless.HeadlessusingCSSSelector@a530d0a]" started-at="2023-03-13T12:07:18 IST" name="headLess" finished-at="2023-03-13T12:07:32 IST" duration-ms="14023" status="PASS">
          <reporter-output>
          </reporter-output>
        </test-method> <!-- headLess -->
      </class> <!-- com.headless.HeadlessusingCSSSelector -->
    </test> <!-- Default test -->
  </suite> <!-- Default suite -->
</testng-results>
